<?xml version="1.0" encoding="UTF-8"?>
<coverage generated="1728588108617" clover="3.2.0">
  <project timestamp="1728588108617" name="All files">
    <metrics statements="11" coveredstatements="11" conditionals="0" coveredconditionals="0" methods="2" coveredmethods="2" elements="13" coveredelements="13" complexity="0" loc="11" ncloc="11" packages="1" files="1" classes="1"/>
    <file name="helper.ts" path="C:\DEV\DEVOPS\POSTECH\EducaOnlineNodeJs\techChallenge2\test\helper.ts">
      <metrics statements="11" coveredstatements="11" conditionals="0" coveredconditionals="0" methods="2" coveredmethods="2"/>
      <line num="1" count="1" type="stmt"/>
      <line num="2" count="5" type="stmt"/>
      <line num="7" count="5" type="stmt"/>
      <line num="12" count="5" type="stmt"/>
      <line num="13" count="5" type="stmt"/>
      <line num="15" count="5" type="stmt"/>
      <line num="18" count="1" type="stmt"/>
      <line num="19" count="6" type="stmt"/>
      <line num="27" count="6" type="stmt"/>
      <line num="29" count="6" type="stmt"/>
      <line num="30" count="6" type="stmt"/>
    </file>
  </project>
</coverage>
