{"C:\\DEV\\DEVOPS\\POSTECH\\EducaOnlineNodeJs\\techChallenge2\\test\\helper.ts": {"path":"C:\\DEV\\DEVOPS\\POSTECH\\EducaOnlineNodeJs\\techChallenge2\\test\\helper.ts","statementMap":{"0":{"start":{"line":2,"column":2},"end":{"line":5,"column":5}},"1":{"start":{"line":7,"column":19},"end":{"line":10,"column":4}},"2":{"start":{"line":12,"column":16},"end":{"line":12,"column":35}},"3":{"start":{"line":13,"column":19},"end":{"line":13,"column":36}},"4":{"start":{"line":15,"column":2},"end":{"line":15,"column":24}},"5":{"start":{"line":1,"column":0},"end":{"line":1,"column":7}},"6":{"start":{"line":19,"column":2},"end":{"line":25,"column":7}},"7":{"start":{"line":27,"column":19},"end":{"line":27,"column":62}},"8":{"start":{"line":29,"column":18},"end":{"line":29,"column":44}},"9":{"start":{"line":30,"column":2},"end":{"line":30,"column":17}},"10":{"start":{"line":18,"column":0},"end":{"line":18,"column":7}}},"fnMap":{"0":{"name":"sigingJWTHelper","decl":{"start":{"line":1,"column":22},"end":{"line":1,"column":37}},"loc":{"start":{"line":1,"column":47},"end":{"line":16,"column":1}}},"1":{"name":"postHelper","decl":{"start":{"line":18,"column":22},"end":{"line":18,"column":32}},"loc":{"start":{"line":18,"column":49},"end":{"line":31,"column":1}}}},"branchMap":{},"s":{"0":5,"1":5,"2":5,"3":5,"4":5,"5":1,"6":6,"7":6,"8":6,"9":6,"10":1},"f":{"0":5,"1":6},"b":{}}
}
